Arguments: 
  /Users/songpeng/.nvm/versions/node/v9.3.0/bin/node /usr/local/Cellar/yarn/1.3.2/libexec/bin/yarn.js add typescript

PATH: 
  /Users/songpeng/.nvm/versions/node/v9.3.0/bin:/usr/local/bin:/usr/bin:/bin:/usr/sbin:/sbin

Yarn version: 
  1.3.2

Node version: 
  9.3.0

Platform: 
  darwin x64

npm manifest: 
  {
    "name": "npm-create-node",
    "version": "1.0.0",
    "description": "quickly create node npm package, within Typescript",
    "main": "scripts/index.js",
    "scripts": {
      "test": "echo \"Error: no test specified\" && exit 1"
    },
    "repository": {
      "type": "git",
      "url": "git+https://github.com/LucaPeng/npm-create-node.git"
    },
    "keywords": [
      "node",
      "npm",
      "create",
      "init",
      "typescript"
    ],
    "author": "songpeng",
    "license": "MIT",
    "bugs": {
      "url": "https://github.com/LucaPeng/npm-create-node/issues"
    },
    "homepage": "https://github.com/LucaPeng/npm-create-node#readme"
  }

yarn manifest: 
  No manifest

Lockfile: 
  No lockfile

Trace: 
  Error: getaddrinfo ENOTFOUND r.npm.sankuai.com r.npm.sankuai.com:80
      at errnoException (dns.js:55:10)
      at GetAddrInfoReqWrap.onlookup [as oncomplete] (dns.js:97:26)
